0 info it worked if it ends with ok
1 verbose cli [ '/home/anikoh/.nvm/versions/node/v6.9.4/bin/node',
1 verbose cli   '/home/anikoh/.nvm/versions/node/v6.9.4/bin/npm',
1 verbose cli   'install',
1 verbose cli   'venn.js' ]
2 info using npm@3.10.10
3 info using node@v6.9.4
4 silly loadCurrentTree Starting
5 silly install loadCurrentTree
6 silly install readLocalPackageData
7 silly fetchPackageMetaData venn.js
8 silly fetchOtherPackageData venn.js
9 silly cache add args [ 'venn.js', null ]
10 verbose cache add spec venn.js
11 silly cache add parsed spec Result {
11 silly cache add   raw: 'venn.js',
11 silly cache add   scope: null,
11 silly cache add   escapedName: 'venn.js',
11 silly cache add   name: null,
11 silly cache add   rawSpec: 'venn.js',
11 silly cache add   spec: '/home/anikoh/wdi11/data_analysis/venn.js',
11 silly cache add   type: 'local' }
12 silly addLocalTarball shasum (computed) da39a3ee5e6b4b0d3255bfef95601890afd80709
13 verbose addTmpTarball /home/anikoh/wdi11/data_analysis/venn.js not in flight; adding
14 verbose correctMkdir /home/anikoh/.npm correctMkdir not in flight; initializing
15 verbose addTmpTarball validating metadata from /home/anikoh/wdi11/data_analysis/venn.js
16 verbose tar unpack /home/anikoh/wdi11/data_analysis/venn.js
17 verbose tar unpacking to /tmp/npm-12283-23460f3b/unpack-31dd808f
18 silly gentlyRm /tmp/npm-12283-23460f3b/unpack-31dd808f is being purged
19 verbose gentlyRm don't care about contents; nuking /tmp/npm-12283-23460f3b/unpack-31dd808f
20 silly gunzTarPerm modes [ '775', '664' ]
21 error tar.unpack error reading /home/anikoh/wdi11/data_analysis/venn.js
22 error addLocal Could not install /home/anikoh/wdi11/data_analysis/venn.js
23 silly fetchPackageMetaData Error: 0-byte tarball
23 silly fetchPackageMetaData Please run `npm cache clean`
23 silly fetchPackageMetaData     at /home/anikoh/.nvm/versions/node/v6.9.4/lib/node_modules/npm/lib/utils/tar.js:287:14
23 silly fetchPackageMetaData     at /home/anikoh/.nvm/versions/node/v6.9.4/lib/node_modules/npm/node_modules/graceful-fs/polyfills.js:267:18
23 silly fetchPackageMetaData     at FSReqWrap.oncomplete (fs.js:123:15)
23 silly fetchPackageMetaData  error for venn.js Error: 0-byte tarball
23 silly fetchPackageMetaData Please run `npm cache clean`
23 silly fetchPackageMetaData     at /home/anikoh/.nvm/versions/node/v6.9.4/lib/node_modules/npm/lib/utils/tar.js:287:14
23 silly fetchPackageMetaData     at /home/anikoh/.nvm/versions/node/v6.9.4/lib/node_modules/npm/node_modules/graceful-fs/polyfills.js:267:18
23 silly fetchPackageMetaData     at FSReqWrap.oncomplete (fs.js:123:15)
24 silly rollbackFailedOptional Starting
25 silly rollbackFailedOptional Finishing
26 silly runTopLevelLifecycles Finishing
27 silly install printInstalled
28 verbose stack Error: 0-byte tarball
28 verbose stack Please run `npm cache clean`
28 verbose stack     at /home/anikoh/.nvm/versions/node/v6.9.4/lib/node_modules/npm/lib/utils/tar.js:287:14
28 verbose stack     at /home/anikoh/.nvm/versions/node/v6.9.4/lib/node_modules/npm/node_modules/graceful-fs/polyfills.js:267:18
28 verbose stack     at FSReqWrap.oncomplete (fs.js:123:15)
29 verbose cwd /home/anikoh/wdi11/data_analysis
30 error Linux 4.8.0-46-generic
31 error argv "/home/anikoh/.nvm/versions/node/v6.9.4/bin/node" "/home/anikoh/.nvm/versions/node/v6.9.4/bin/npm" "install" "venn.js"
32 error node v6.9.4
33 error npm  v3.10.10
34 error 0-byte tarball
34 error Please run `npm cache clean`
35 error If you need help, you may report this error at:
35 error     <https://github.com/npm/npm/issues>
36 verbose exit [ 1, true ]
